The target system is: Generic - 2.4.99 - arm
The host system is: Windows - 10.0.19042 - AMD64
Compiling the C compiler identification source file "CMakeCCompilerId.c" succeeded.
Compiler: C:/Users/VAI/ncs/v1.5.1/toolchain/opt/bin/arm-none-eabi-gcc.exe 
Build flags: 
Id flags: -c 

The output was:
0


Compilation of the C compiler identification source "CMakeCCompilerId.c" produced "CMakeCCompilerId.o"

The C compiler identification is GNU, found in "C:/Users/VAI/ncs/v1.5.1/zephyr/samples/bluetooth/st_ble_sensor/build_nrf5340dk_nrf5340_cpuapp/hci_rpmsg/CMakeFiles/3.17.3/CompilerIdC/CMakeCCompilerId.o"

Compiling the CXX compiler identification source file "CMakeCXXCompilerId.cpp" succeeded.
Compiler: C:/Users/VAI/ncs/v1.5.1/toolchain/opt/bin/arm-none-eabi-gcc.exe 
Build flags: 
Id flags: -c 

The output was:
0


Compilation of the CXX compiler identification source "CMakeCXXCompilerId.cpp" produced "CMakeCXXCompilerId.o"

The CXX compiler identification is GNU, found in "C:/Users/VAI/ncs/v1.5.1/zephyr/samples/bluetooth/st_ble_sensor/build_nrf5340dk_nrf5340_cpuapp/hci_rpmsg/CMakeFiles/3.17.3/CompilerIdCXX/CMakeCXXCompilerId.o"

Checking whether the ASM compiler is GNU using "--version" matched "(GNU assembler)|(GCC)|(Free Software Foundation)":
arm-none-eabi-gcc.exe (GNU Tools for Arm Embedded Processors 9-2019-q4-major) 9.2.1 20191025 (release) [ARM/arm-9-branch revision 277599]
Copyright (C) 2019 Free Software Foundation, Inc.
This is free software; see the source for copying conditions.  There is NO
warranty; not even for MERCHANTABILITY or FITNESS FOR A PARTICULAR PURPOSE.

Performing C SOURCE FILE Test check_C__nostartfiles__nostdlib__isystem__c__users_vai_ncs_v1_5_1_toolchain_opt_bin____lib_gcc_arm_none_eabi_9_2_1_include___isystem__c__users_vai_ncs_v1_5_1_toolchain_opt_bin____lib_gcc_arm_none_eabi_9_2_1_include_fixed___Wl___unresolved_symbols_ignore_in_object_files__Wl___entry_0__mcpu_cortex_m33_nodsp succeeded with the following output:
Change Dir: C:/Users/VAI/ncs/v1.5.1/zephyr/samples/bluetooth/st_ble_sensor/build_nrf5340dk_nrf5340_cpuapp/hci_rpmsg/CMakeFiles/CMakeTmp

Run Build Command(s):C:/Users/VAI/ncs/v1.5.1/toolchain/opt/bin/ninja.exe cmTC_85f66 && [1/2] Building C object CMakeFiles/cmTC_85f66.dir/src.c.obj
[2/2] Linking C executable cmTC_85f66


Source file was:
int main(void) { return 0; }
Performing C SOURCE FILE Test check_fmacro_prefix_map_C__Users_VAI_ncs_v1_5_1_zephyr_samples_bluetooth_hci_rpmsg_CMAKE_SOURCE_DIR_C__nostartfiles__nostdlib__isystem__c__users_vai_ncs_v1_5_1_toolchain_opt_bin____lib_gcc_arm_none_eabi_9_2_1_include___isystem__c__users_vai_ncs_v1_5_1_toolchain_opt_bin____lib_gcc_arm_none_eabi_9_2_1_include_fixed___Wl___unresolved_symbols_ignore_in_object_files__Wl___entry_0 succeeded with the following output:
Change Dir: C:/Users/VAI/ncs/v1.5.1/zephyr/samples/bluetooth/st_ble_sensor/build_nrf5340dk_nrf5340_cpuapp/hci_rpmsg/CMakeFiles/CMakeTmp

Run Build Command(s):C:/Users/VAI/ncs/v1.5.1/toolchain/opt/bin/ninja.exe cmTC_f652a && [1/2] Building C object CMakeFiles/cmTC_f652a.dir/src.c.obj
[2/2] Linking C executable cmTC_f652a


Source file was:
int main(void) { return 0; }
Determining if files stdatomic.h exist passed with the following output:
Change Dir: C:/Users/VAI/ncs/v1.5.1/zephyr/samples/bluetooth/st_ble_sensor/build_nrf5340dk_nrf5340_cpuapp/hci_rpmsg/CMakeFiles/CMakeTmp

Run Build Command(s):C:/Users/VAI/ncs/v1.5.1/toolchain/opt/bin/ninja.exe cmTC_7e57c && [1/2] Building C object CMakeFiles/cmTC_7e57c.dir/HAVE_STDATOMIC_H.c.obj
[2/2] Linking C executable cmTC_7e57c
arm-none-eabi-gcc.exe: warning: CMakeFiles/cmTC_7e57c.dir/HAVE_STDATOMIC_H.c.obj: linker input file unused because linking not done



Determining if files fcntl.h exist passed with the following output:
Change Dir: C:/Users/VAI/ncs/v1.5.1/zephyr/samples/bluetooth/st_ble_sensor/build_nrf5340dk_nrf5340_cpuapp/hci_rpmsg/CMakeFiles/CMakeTmp

Run Build Command(s):C:/Users/VAI/ncs/v1.5.1/toolchain/opt/bin/ninja.exe cmTC_2d6dc && [1/2] Building C object CMakeFiles/cmTC_2d6dc.dir/HAVE_FCNTL_H.c.obj
[2/2] Linking C executable cmTC_2d6dc
arm-none-eabi-gcc.exe: warning: CMakeFiles/cmTC_2d6dc.dir/HAVE_FCNTL_H.c.obj: linker input file unused because linking not done



